0 info it worked if it ends with ok
1 verbose cli [ '/usr/bin/nodejs', '/usr/bin/npm', 'start' ]
2 info using npm@1.4.21
3 info using node@v0.10.29
4 verbose run-script [ 'prestart', 'start', 'poststart' ]
5 info prestart curso-sockets@1.0.0
6 info start curso-sockets@1.0.0
7 verbose unsafe-perm in lifecycle true
8 info curso-sockets@1.0.0 Failed to exec start script
9 error curso-sockets@1.0.0 start: `nodemon server/index.js`
9 error Exit status 127
10 error Failed at the curso-sockets@1.0.0 start script.
10 error This is most likely a problem with the curso-sockets package,
10 error not with npm itself.
10 error Tell the author that this fails on your system:
10 error     nodemon server/index.js
10 error You can get their info via:
10 error     npm owner ls curso-sockets
10 error There is likely additional logging output above.
11 error System Linux 3.16.0-4-amd64
12 error command "/usr/bin/nodejs" "/usr/bin/npm" "start"
13 error cwd /home/diegorys/Repositorios/Cursos/curso-sockets
14 error node -v v0.10.29
15 error npm -v 1.4.21
16 error code ELIFECYCLE
17 verbose exit [ 1, true ]
